2017-10-23 10:20:34 [main:2292]-[ERROR] com.smn.common.utils.HttpUtil.postForIamToken(HttpUtil.java:142) Unexpected response status: 401.  ErrorMessage is {"error": {"message": "Unauthorized.", "code": 401, "title": "Unauthorized"}}.
2017-10-23 10:20:34 [main:2292]-[ERROR] com.smn.service.impl.PublishServiceImpl.publish(PublishServiceImpl.java:58) Failed to publish message.
java.lang.RuntimeException: Unexpected response status: 401。 ErrorMessage is {"error": {"message": "Unauthorized.", "code": 401, "title": "Unauthorized"}}
	at com.smn.common.utils.HttpUtil.postForIamToken(HttpUtil.java:143)
	at com.smn.service.impl.IAMServiceImpl.getAuthentication(IAMServiceImpl.java:116)
	at com.smn.service.AbstractCommonService.getAuthenticationBean(AbstractCommonService.java:113)
	at com.smn.service.AbstractCommonService.sendRequest(AbstractCommonService.java:158)
	at com.smn.service.impl.PublishServiceImpl.publish(PublishServiceImpl.java:56)
	at com.smn.service.PublishServiceTest.testPublishMsgWithStruct(PublishServiceTest.java:161)
	at sun.reflect.NativeMethodAccessorImpl.invoke0(Native Method)
	at sun.reflect.NativeMethodAccessorImpl.invoke(NativeMethodAccessorImpl.java:62)
	at sun.reflect.DelegatingMethodAccessorImpl.invoke(DelegatingMethodAccessorImpl.java:43)
	at java.lang.reflect.Method.invoke(Method.java:498)
	at junit.framework.TestCase.runTest(TestCase.java:176)
	at junit.framework.TestCase.runBare(TestCase.java:141)
	at junit.framework.TestResult$1.protect(TestResult.java:122)
	at junit.framework.TestResult.runProtected(TestResult.java:142)
	at junit.framework.TestResult.run(TestResult.java:125)
	at junit.framework.TestCase.run(TestCase.java:129)
	at junit.framework.TestSuite.runTest(TestSuite.java:252)
	at junit.framework.TestSuite.run(TestSuite.java:247)
	at org.junit.internal.runners.JUnit38ClassRunner.run(JUnit38ClassRunner.java:86)
	at org.junit.runner.JUnitCore.run(JUnitCore.java:137)
	at com.intellij.junit4.JUnit4IdeaTestRunner.startRunnerWithArgs(JUnit4IdeaTestRunner.java:68)
	at com.intellij.rt.execution.junit.IdeaTestRunner$Repeater.startRunnerWithArgs(IdeaTestRunner.java:47)
	at com.intellij.rt.execution.junit.JUnitStarter.prepareStreamsAndStart(JUnitStarter.java:242)
	at com.intellij.rt.execution.junit.JUnitStarter.main(JUnitStarter.java:70)
